# JRE version: OpenJDK Runtime Environment Temurin-21.0.3+9 (21.0.3+9) (build 21.0.3+9-LTS)
# Java VM: OpenJDK 64-Bit Server VM Temurin-21.0.3+9 (21.0.3+9-LTS, mixed mode, tiered, compressed oops, compressed class ptrs, g1 gc, windows-amd64)
GC Precious Log:
 CardTable entry size: 512
 Card Set container configuration: InlinePtr #cards 5 size 8 Array Of Cards #cards 12 size 40 Howl #buckets 4 coarsen threshold 1843 Howl Bitmap #cards 512 size 80 coarsen threshold 460 Card regions per heap region 1 cards per card region 2048
 CPUs: 4 total, 4 available
 Memory: 7940M
 Large Page Support: Disabled
 NUMA Support: Disabled
 Compressed Oops: Enabled (32-bit)
 Heap Region Size: 1M
 Heap Min Capacity: 8M
 Heap Initial Capacity: 126M
 Heap Max Capacity: 1986M
 Pre-touch: Disabled
 Parallel Workers: 4
 Concurrent Workers: 1
 Concurrent Refinement Workers: 4
 Periodic GC: Disabled
Heap:
 garbage-first heap   total 49152K, used 37929K [0x0000000083e00000, 0x0000000100000000)
  region size 1024K, 23 young (23552K), 3 survivors (3072K)
 Metaspace       used 42669K, committed 43136K, reserved 1114112K
  class space    used 5143K, committed 5312K, reserved 1048576K
GC Heap History (18 events):
Event: 1.183 GC heap before
{Heap before GC invocations=0 (full 0):
 garbage-first heap   total 129024K, used 14336K [0x0000000083e00000, 0x0000000100000000)
  region size 1024K, 13 young (13312K), 0 survivors (0K)
 Metaspace       used 11177K, committed 11328K, reserved 1114112K
  class space    used 950K, committed 1024K, reserved 1048576K
}
Event: 1.188 GC heap after
{Heap after GC invocations=1 (full 0):
 garbage-first heap   total 129024K, used 7700K [0x0000000083e00000, 0x0000000100000000)
  region size 1024K, 2 young (2048K), 2 survivors (2048K)
 Metaspace       used 11177K, committed 11328K, reserved 1114112K
  class space    used 950K, committed 1024K, reserved 1048576K
}
Event: 1.791 GC heap before
{Heap before GC invocations=1 (full 0):
 garbage-first heap   total 129024K, used 16916K [0x0000000083e00000, 0x0000000100000000)
  region size 1024K, 11 young (11264K), 2 survivors (2048K)
 Metaspace       used 13880K, committed 14016K, reserved 1114112K
  class space    used 1320K, committed 1408K, reserved 1048576K
}
Event: 1.795 GC heap after
{Heap after GC invocations=2 (full 0):
 garbage-first heap   total 129024K, used 8699K [0x0000000083e00000, 0x0000000100000000)
  region size 1024K, 1 young (1024K), 1 survivors (1024K)
 Metaspace       used 13880K, committed 14016K, reserved 1114112K
  class space    used 1320K, committed 1408K, reserved 1048576K
}
Event: 3.513 GC heap before
{Heap before GC invocations=2 (full 0):
 garbage-first heap   total 129024K, used 30203K [0x0000000083e00000, 0x0000000100000000)
  region size 1024K, 23 young (23552K), 1 survivors (1024K)
 Metaspace       used 21295K, committed 21504K, reserved 1114112K
  class space    used 2248K, committed 2304K, reserved 1048576K
}
Event: 3.521 GC heap after
{Heap after GC invocations=3 (full 0):
 garbage-first heap   total 129024K, used 10588K [0x0000000083e00000, 0x0000000100000000)
  region size 1024K, 3 young (3072K), 3 survivors (3072K)
 Metaspace       used 21295K, committed 21504K, reserved 1114112K
  class space    used 2248K, committed 2304K, reserved 1048576K
}
Event: 4.162 GC heap before
{Heap before GC invocations=4 (full 0):
 garbage-first heap   total 40960K, used 31068K [0x0000000083e00000, 0x0000000100000000)
  region size 1024K, 24 young (24576K), 3 survivors (3072K)
 Metaspace       used 26277K, committed 26560K, reserved 1114112K
  class space    used 3007K, committed 3136K, reserved 1048576K
}
Event: 4.167 GC heap after
{Heap after GC invocations=5 (full 0):
 garbage-first heap   total 40960K, used 12013K [0x0000000083e00000, 0x0000000100000000)
  region size 1024K, 2 young (2048K), 2 survivors (2048K)
 Metaspace       used 26277K, committed 26560K, reserved 1114112K
  class space    used 3007K, committed 3136K, reserved 1048576K
}
Event: 4.436 GC heap before
{Heap before GC invocations=5 (full 0):
 garbage-first heap   total 40960K, used 27373K [0x0000000083e00000, 0x0000000100000000)
  region size 1024K, 17 young (17408K), 2 survivors (2048K)
 Metaspace       used 29986K, committed 30336K, reserved 1114112K
  class space    used 3506K, committed 3648K, reserved 1048576K
}
Event: 4.441 GC heap after
{Heap after GC invocations=6 (full 0):
 garbage-first heap   total 40960K, used 12909K [0x0000000083e00000, 0x0000000100000000)
  region size 1024K, 3 young (3072K), 3 survivors (3072K)
 Metaspace       used 29986K, committed 30336K, reserved 1114112K
  class space    used 3506K, committed 3648K, reserved 1048576K
}
Event: 4.815 GC heap before
{Heap before GC invocations=6 (full 0):
 garbage-first heap   total 40960K, used 28269K [0x0000000083e00000, 0x0000000100000000)
  region size 1024K, 19 young (19456K), 3 survivors (3072K)
 Metaspace       used 33991K, committed 34304K, reserved 1114112K
  class space    used 4017K, committed 4160K, reserved 1048576K
}
Event: 4.819 GC heap after
{Heap after GC invocations=7 (full 0):
 garbage-first heap   total 40960K, used 14550K [0x0000000083e00000, 0x0000000100000000)
  region size 1024K, 3 young (3072K), 3 survivors (3072K)
 Metaspace       used 33991K, committed 34304K, reserved 1114112K
  class space    used 4017K, committed 4160K, reserved 1048576K
}
Event: 5.319 GC heap before
{Heap before GC invocations=7 (full 0):
 garbage-first heap   total 40960K, used 28886K [0x0000000083e00000, 0x0000000100000000)
  region size 1024K, 19 young (19456K), 3 survivors (3072K)
 Metaspace       used 35708K, committed 35968K, reserved 1114112K
  class space    used 4203K, committed 4288K, reserved 1048576K
}
Event: 5.325 GC heap after
{Heap after GC invocations=8 (full 0):
 garbage-first heap   total 40960K, used 16547K [0x0000000083e00000, 0x0000000100000000)
  region size 1024K, 2 young (2048K), 2 survivors (2048K)
 Metaspace       used 35708K, committed 35968K, reserved 1114112K
  class space    used 4203K, committed 4288K, reserved 1048576K
}
Event: 5.655 GC heap before
{Heap before GC invocations=9 (full 0):
 garbage-first heap   total 40960K, used 31907K [0x0000000083e00000, 0x0000000100000000)
  region size 1024K, 17 young (17408K), 2 survivors (2048K)
 Metaspace       used 37273K, committed 37632K, reserved 1114112K
  class space    used 4415K, committed 4544K, reserved 1048576K
}
Event: 5.659 GC heap after
{Heap after GC invocations=10 (full 0):
 garbage-first heap   total 40960K, used 17719K [0x0000000083e00000, 0x0000000100000000)
  region size 1024K, 2 young (2048K), 2 survivors (2048K)
 Metaspace       used 37273K, committed 37632K, reserved 1114112K
  class space    used 4415K, committed 4544K, reserved 1048576K
}
Event: 6.048 GC heap before
{Heap before GC invocations=10 (full 0):
 garbage-first heap   total 40960K, used 33079K [0x0000000083e00000, 0x0000000100000000)
  region size 1024K, 17 young (17408K), 2 survivors (2048K)
 Metaspace       used 39563K, committed 39872K, reserved 1114112K
  class space    used 4690K, committed 4864K, reserved 1048576K
}
Event: 6.054 GC heap after
{Heap after GC invocations=11 (full 0):
 garbage-first heap   total 49152K, used 18473K [0x0000000083e00000, 0x0000000100000000)
  region size 1024K, 3 young (3072K), 3 survivors (3072K)
 Metaspace       used 39563K, committed 39872K, reserved 1114112K
  class space    used 4690K, committed 4864K, reserved 1048576K
}

